[    0.000000] Linux version 4.15.0-62-generic (buildd@lcy01-amd64-024) (gcc version 7.4.0 (Ubuntu 7.4.0-1ubuntu1~18.04.1)) #69-Ubuntu SMP Wed Sep 4 20:55:53 UTC 2019 (Ubuntu 4.15.0-62.69-generic 4.15.18)
[    0.000000] Command line: BOOT_IMAGE=/boot/vmlinuz-4.15.0-62-generic root=LABEL=cloudimg-rootfs ro console=tty1 console=ttyS0
[    0.000000] KERNEL supported cpus:
[    0.000000]   Intel GenuineIntel
[    0.000000]   AMD AuthenticAMD
[    0.000000]   Centaur CentaurHauls
[    0.000000] x86/fpu: Supporting XSAVE feature 0x001: 'x87 floating point registers'
[    0.000000] x86/fpu: Supporting XSAVE feature 0x002: 'SSE registers'
[    0.000000] x86/fpu: Supporting XSAVE feature 0x004: 'AVX registers'
[    0.000000] x86/fpu: xstate_offset[2]:  576, xstate_sizes[2]:  256
[    0.000000] x86/fpu: Enabled xstate features 0x7, context size is 832 bytes, using 'standard' format.
[    0.000000] e820: BIOS-provided physical RAM map:
[    0.000000] BIOS-e820: [mem 0x0000000000000000-0x000000000009fbff] usable
[    0.000000] BIOS-e820: [mem 0x000000000009fc00-0x000000000009ffff] reserved
[    0.000000] BIOS-e820: [mem 0x00000000000f0000-0x00000000000fffff] reserved
[    0.000000] BIOS-e820: [mem 0x0000000000100000-0x000000007ffeffff] usable
[    0.000000] BIOS-e820: [mem 0x000000007fff0000-0x000000007fffffff] ACPI data
[    0.000000] BIOS-e820: [mem 0x00000000fec00000-0x00000000fec00fff] reserved
[    0.000000] BIOS-e820: [mem 0x00000000fee00000-0x00000000fee00fff] reserved
[    0.000000] BIOS-e820: [mem 0x00000000fffc0000-0x00000000ffffffff] reserved
[    0.000000] NX (Execute Disable) protection: active
[    0.000000] SMBIOS 2.5 present.
[    0.000000] DMI: innotek GmbH VirtualBox/VirtualBox, BIOS VirtualBox 12/01/2006
[    0.000000] Hypervisor detected: KVM
[    0.000000] e820: last_pfn = 0x7fff0 max_arch_pfn = 0x400000000
[    0.000000] MTRR: Disabled
[    0.000000] x86/PAT: MTRRs disabled, skipping PAT initialization too.
[    0.000000] CPU MTRRs all blank - virtualized system.
[    0.000000] x86/PAT: Configuration [0-7]: WB  WT  UC- UC  WB  WT  UC- UC  
[    0.000000] found SMP MP-table at [mem 0x0009fff0-0x0009ffff]
[    0.000000] Scanning 1 areas for low memory corruption
[    0.000000] RAMDISK: [mem 0x35a8d000-0x36d3dfff]
[    0.000000] ACPI: Early table checksum verification disabled
[    0.000000] ACPI: RSDP 0x00000000000E0000 000024 (v02 VBOX  )
[    0.000000] ACPI: XSDT 0x000000007FFF0030 00003C (v01 VBOX   VBOXXSDT 00000001 ASL  00000061)
[    0.000000] ACPI: FACP 0x000000007FFF00F0 0000F4 (v04 VBOX   VBOXFACP 00000001 ASL  00000061)
[    0.000000] ACPI: DSDT 0x000000007FFF0470 0022EA (v02 VBOX   VBOXBIOS 00000002 INTL 20100528)
[    0.000000] ACPI: FACS 0x000000007FFF0200 000040
[    0.000000] ACPI: FACS 0x000000007FFF0200 000040
[    0.000000] ACPI: APIC 0x000000007FFF0240 00005C (v02 VBOX   VBOXAPIC 00000001 ASL  00000061)
[    0.000000] ACPI: SSDT 0x000000007FFF02A0 0001CC (v01 VBOX   VBOXCPUT 00000002 INTL 20100528)
[    0.000000] No NUMA configuration found
[    0.000000] Faking a node at [mem 0x0000000000000000-0x000000007ffeffff]
[    0.000000] NODE_DATA(0) allocated [mem 0x7ffc5000-0x7ffeffff]
[    0.000000] kvm-clock: cpu 0, msr 0:7ff44001, primary cpu clock
[    0.000000] kvm-clock: Using msrs 4b564d01 and 4b564d00
[    0.000000] kvm-clock: using sched offset of 5950889830 cycles
[    0.000000] clocksource: kvm-clock: mask: 0xffffffffffffffff max_cycles: 0x1cd42e4dffb, max_idle_ns: 881590591483 ns
[    0.000000] Zone ranges:
[    0.000000]   DMA      [mem 0x0000000000001000-0x0000000000ffffff]
[    0.000000]   DMA32    [mem 0x0000000001000000-0x000000007ffeffff]
[    0.000000]   Normal   empty
[    0.000000]   Device   empty
[    0.000000] Movable zone start for each node
[    0.000000] Early memory node ranges
[    0.000000]   node   0: [mem 0x0000000000001000-0x000000000009efff]
[    0.000000]   node   0: [mem 0x0000000000100000-0x000000007ffeffff]
[    0.000000] Reserved but unavailable: 98 pages
[    0.000000] Initmem setup node 0 [mem 0x0000000000001000-0x000000007ffeffff]
[    0.000000] ACPI: PM-Timer IO Port: 0x4008
[    0.000000] IOAPIC[0]: apic_id 2, version 32, address 0xfec00000, GSI 0-23
[    0.000000] ACPI: INT_SRC_OVR (bus 0 bus_irq 0 global_irq 2 dfl dfl)
[    0.000000] ACPI: INT_SRC_OVR (bus 0 bus_irq 9 global_irq 9 low level)
[    0.000000] Using ACPI (MADT) for SMP configuration information
[    0.000000] smpboot: Allowing 2 CPUs, 0 hotplug CPUs
[    0.000000] PM: Registered nosave memory: [mem 0x00000000-0x00000fff]
[    0.000000] PM: Registered nosave memory: [mem 0x0009f000-0x0009ffff]
[    0.000000] PM: Registered nosave memory: [mem 0x000a0000-0x000effff]
[    0.000000] PM: Registered nosave memory: [mem 0x000f0000-0x000fffff]
[    0.000000] e820: [mem 0x80000000-0xfebfffff] available for PCI devices
[    0.000000] Booting paravirtualized kernel on KVM
[    0.000000] clocksource: refined-jiffies: mask: 0xffffffff max_cycles: 0xffffffff, max_idle_ns: 7645519600211568 ns
[    0.000000] random: get_random_bytes called from start_kernel+0x99/0x4fd with crng_init=0
[    0.000000] setup_percpu: NR_CPUS:8192 nr_cpumask_bits:2 nr_cpu_ids:2 nr_node_ids:1
[    0.000000] percpu: Embedded 46 pages/cpu s151552 r8192 d28672 u1048576
[    0.000000] PV qspinlock hash table entries: 256 (order: 0, 4096 bytes)
[    0.000000] Built 1 zonelists, mobility grouping on.  Total pages: 515961
[    0.000000] Policy zone: DMA32
[    0.000000] Kernel command line: BOOT_IMAGE=/boot/vmlinuz-4.15.0-62-generic root=LABEL=cloudimg-rootfs ro console=tty1 console=ttyS0
[    0.000000] Memory: 2015636K/2096696K available (12300K kernel code, 2481K rwdata, 4172K rodata, 2436K init, 2384K bss, 81060K reserved, 0K cma-reserved)
[    0.000000] SLUB: HWalign=64, Order=0-3, MinObjects=0, CPUs=2, Nodes=1
[    0.000000] Kernel/User page tables isolation: enabled
[    0.000000] ftrace: allocating 39306 entries in 154 pages
[    0.004000] Hierarchical RCU implementation.
[    0.004000] 	RCU restricting CPUs from NR_CPUS=8192 to nr_cpu_ids=2.
[    0.004000] 	Tasks RCU enabled.
[    0.004000] RCU: Adjusting geometry for rcu_fanout_leaf=16, nr_cpu_ids=2
[    0.004000] NR_IRQS: 524544, nr_irqs: 440, preallocated irqs: 16
[    0.004000] Console: colour VGA+ 80x25
[    0.004000] console [tty1] enabled
[    0.004000] console [ttyS0] enabled
[    0.004000] ACPI: Core revision 20170831
[    0.004000] ACPI: 2 ACPI AML tables successfully acquired and loaded
[    0.004000] APIC: Switch to symmetric I/O mode setup
[    0.004000] x2apic enabled
[    0.004011] Switched APIC routing to physical x2apic.
[    0.009689] ..TIMER: vector=0x30 apic1=0 pin1=2 apic2=-1 pin2=-1
[    0.012008] tsc: Detected 2496.002 MHz processor
[    0.016014] Calibrating delay loop (skipped) preset value.. 4992.00 BogoMIPS (lpj=9984008)
[    0.020009] pid_max: default: 32768 minimum: 301
[    0.021434] Security Framework initialized
[    0.024008] Yama: becoming mindful.
[    0.025352] AppArmor: AppArmor initialized
[    0.028194] Dentry cache hash table entries: 262144 (order: 9, 2097152 bytes)
[    0.036063] Inode-cache hash table entries: 131072 (order: 8, 1048576 bytes)
[    0.040035] Mount-cache hash table entries: 4096 (order: 3, 32768 bytes)
[    0.043169] Mountpoint-cache hash table entries: 4096 (order: 3, 32768 bytes)
[    0.044363] Last level iTLB entries: 4KB 64, 2MB 8, 4MB 8
[    0.048008] Last level dTLB entries: 4KB 64, 2MB 0, 4MB 0, 1GB 4
[    0.049261] Spectre V1 : Mitigation: usercopy/swapgs barriers and __user pointer sanitization
[    0.052008] Spectre V2 : Mitigation: Full generic retpoline
[    0.053222] Spectre V2 : Spectre v2 / SpectreRSB mitigation: Filling RSB on context switch
[    0.054999] Speculative Store Bypass: Vulnerable
[    0.056059] MDS: Vulnerable: Clear CPU buffers attempted, no microcode
[    0.058395] Freeing SMP alternatives memory: 36K
[    0.064000] APIC calibration not consistent with PM-Timer: 103ms instead of 100ms
[    0.064000] APIC delta adjusted to PM-Timer: 6252323 (6488632)
[    0.064110] smpboot: CPU0: Intel(R) Core(TM) i5-6300U CPU @ 2.40GHz (family: 0x6, model: 0x4e, stepping: 0x3)
[    0.068114] Performance Events: unsupported p6 CPU model 78 no PMU driver, software events only.
[    0.072076] Hierarchical SRCU implementation.
[    0.076821] NMI watchdog: Perf event create on CPU 0 failed with -2
[    0.079390] NMI watchdog: Perf NMI watchdog permanently disabled
[    0.080126] smp: Bringing up secondary CPUs ...
[    0.084159] x86: Booting SMP configuration:
[    0.088010] .... node  #0, CPUs:      #1
[    0.004000] kvm-clock: cpu 1, msr 0:7ff44041, secondary cpu clock
[    0.096351] smp: Brought up 1 node, 2 CPUs
[    0.097482] smpboot: Max logical packages: 1
[    0.100016] smpboot: Total of 2 processors activated (9984.00 BogoMIPS)
[    0.102239] devtmpfs: initialized
[    0.102239] x86/mm: Memory block size: 128MB
[    0.104314] evm: security.selinux
[    0.105365] evm: security.SMACK64
[    0.106761] evm: security.SMACK64EXEC
[    0.107667] evm: security.SMACK64TRANSMUTE
[    0.108008] evm: security.SMACK64MMAP
[    0.108969] evm: security.apparmor
[    0.109929] evm: security.ima
[    0.112009] evm: security.capability
[    0.113903] clocksource: jiffies: mask: 0xffffffff max_cycles: 0xffffffff, max_idle_ns: 7645041785100000 ns
[    0.116043] futex hash table entries: 512 (order: 3, 32768 bytes)
[    0.129806] pinctrl core: initialized pinctrl subsystem
[    0.132218] RTC time: 11:37:47, date: 09/12/19
[    0.136154] NET: Registered protocol family 16
[    0.140000] audit: initializing netlink subsys (disabled)
[    0.140328] audit: type=2000 audit(1568288274.524:1): state=initialized audit_enabled=0 res=1
[    0.144015] cpuidle: using governor ladder
[    0.145316] cpuidle: using governor menu
[    0.148076] ACPI: bus type PCI registered
[    0.149012] acpiphp: ACPI Hot Plug PCI Controller Driver version: 0.5
[    0.150990] PCI: Using configuration type 1 for base access
[    0.156066] HugeTLB registered 2.00 MiB page size, pre-allocated 0 pages
[    0.160113] ACPI: Added _OSI(Module Device)
[    0.161026] ACPI: Added _OSI(Processor Device)
[    0.162438] ACPI: Added _OSI(3.0 _SCP Extensions)
[    0.164045] ACPI: Added _OSI(Processor Aggregator Device)
[    0.165635] ACPI: Added _OSI(Linux-Dell-Video)
[    0.166849] ACPI: Added _OSI(Linux-Lenovo-NV-HDMI-Audio)
[    0.168022] ACPI: Added _OSI(Linux-HPI-Hybrid-Graphics)
[    0.169720] ACPI: Executed 1 blocks of module-level executable AML code
[    0.182157] ACPI: Interpreter enabled
[    0.184033] ACPI: (supports S0 S5)
[    0.188009] ACPI: Using IOAPIC for interrupt routing
[    0.191058] PCI: Using host bridge windows from ACPI; if necessary, use "pci=nocrs" and report a bug
[    0.192269] ACPI: Enabled 2 GPEs in block 00 to 07
[    0.205238] ACPI: PCI Root Bridge [PCI0] (domain 0000 [bus 00-ff])
[    0.207000] acpi PNP0A03:00: _OSC: OS supports [ASPM ClockPM Segments MSI]
[    0.208877] acpi PNP0A03:00: _OSC: not requesting OS control; OS requires [ExtendedConfig ASPM ClockPM MSI]
[    0.211390] acpi PNP0A03:00: fail to add MMCONFIG information, can't access extended PCI configuration space under this bridge.
[    0.212865] PCI host bridge to bus 0000:00
[    0.216013] pci_bus 0000:00: root bus resource [io  0x0000-0x0cf7 window]
[    0.220013] pci_bus 0000:00: root bus resource [io  0x0d00-0xffff window]
[    0.224014] pci_bus 0000:00: root bus resource [mem 0x000a0000-0x000bffff window]
[    0.228014] pci_bus 0000:00: root bus resource [mem 0x80000000-0xfdffffff window]
[    0.231154] pci_bus 0000:00: root bus resource [bus 00-ff]
[    0.234712] pci 0000:00:01.1: legacy IDE quirk: reg 0x10: [io  0x01f0-0x01f7]
[    0.236012] pci 0000:00:01.1: legacy IDE quirk: reg 0x14: [io  0x03f6]
[    0.240012] pci 0000:00:01.1: legacy IDE quirk: reg 0x18: [io  0x0170-0x0177]
[    0.241578] pci 0000:00:01.1: legacy IDE quirk: reg 0x1c: [io  0x0376]
[    0.284151] pci 0000:00:07.0: quirk: [io  0x4000-0x403f] claimed by PIIX4 ACPI
[    0.285952] pci 0000:00:07.0: quirk: [io  0x4100-0x410f] claimed by PIIX4 SMB
[    0.311259] ACPI: PCI Interrupt Link [LNKA] (IRQs 5 9 10 *11)
[    0.312552] ACPI: PCI Interrupt Link [LNKB] (IRQs 5 9 *10 11)
[    0.313958] ACPI: PCI Interrupt Link [LNKC] (IRQs 5 *9 10 11)
[    0.316215] ACPI: PCI Interrupt Link [LNKD] (IRQs 5 9 10 *11)
[    0.318310] SCSI subsystem initialized
[    0.320037] pci 0000:00:02.0: vgaarb: setting as boot VGA device
[    0.321428] pci 0000:00:02.0: vgaarb: VGA device added: decodes=io+mem,owns=io+mem,locks=none
[    0.323749] pci 0000:00:02.0: vgaarb: bridge control possible
[    0.324009] vgaarb: loaded
[    0.324996] ACPI: bus type USB registered
[    0.328056] usbcore: registered new interface driver usbfs
[    0.332038] usbcore: registered new interface driver hub
[    0.333721] usbcore: registered new device driver usb
[    0.336281] EDAC MC: Ver: 3.0.0
[    0.337516] PCI: Using ACPI for IRQ routing
[    0.340922] NetLabel: Initializing
[    0.341857] NetLabel:  domain hash size = 128
[    0.343121] NetLabel:  protocols = UNLABELED CIPSOv4 CALIPSO
[    0.344067] NetLabel:  unlabeled traffic allowed by default
[    0.348218] clocksource: Switched to clocksource kvm-clock
[    0.379502] VFS: Disk quotas dquot_6.6.0
[    0.381194] VFS: Dquot-cache hash table entries: 512 (order 0, 4096 bytes)
[    0.383247] AppArmor: AppArmor Filesystem Enabled
[    0.388805] pnp: PnP ACPI init
[    0.394042] pnp: PnP ACPI: found 3 devices
[    0.408270] clocksource: acpi_pm: mask: 0xffffff max_cycles: 0xffffff, max_idle_ns: 2085701024 ns
[    0.410864] NET: Registered protocol family 2
[    0.411983] TCP established hash table entries: 16384 (order: 5, 131072 bytes)
[    0.413635] TCP bind hash table entries: 16384 (order: 6, 262144 bytes)
[    0.419975] TCP: Hash tables configured (established 16384 bind 16384)
[    0.422135] UDP hash table entries: 1024 (order: 3, 32768 bytes)
[    0.423675] UDP-Lite hash table entries: 1024 (order: 3, 32768 bytes)
[    0.425254] NET: Registered protocol family 1
[    0.427056] pci 0000:00:00.0: Limiting direct PCI/PCI transfers
[    0.428825] pci 0000:00:01.0: Activating ISA DMA hang workarounds
[    0.430234] pci 0000:00:02.0: Video device with shadowed ROM at [mem 0x000c0000-0x000dffff]
[    0.433036] Unpacking initramfs...
[    0.942586] Freeing initrd memory: 19140K
[    0.944264] clocksource: tsc: mask: 0xffffffffffffffff max_cycles: 0x23fa79125d1, max_idle_ns: 440795329579 ns
[    0.946308] platform rtc_cmos: registered platform RTC device (no PNP device found)
[    0.947764] Scanning for low memory corruption every 60 seconds
[    0.949932] Initialise system trusted keyrings
[    0.950675] Key type blacklist registered
[    0.951433] workingset: timestamp_bits=36 max_order=19 bucket_order=0
[    0.954149] zbud: loaded
[    0.955414] squashfs: version 4.0 (2009/01/31) Phillip Lougher
[    0.956924] fuse init (API version 7.26)
[    0.963929] Key type asymmetric registered
[    0.965129] Asymmetric key parser 'x509' registered
[    0.966287] Block layer SCSI generic (bsg) driver version 0.4 loaded (major 246)
[    0.968489] io scheduler noop registered
[    0.970550] io scheduler deadline registered
[    0.972227] io scheduler cfq registered (default)
[    0.973878] ACPI: AC Adapter [AC] (on-line)
[    0.975412] input: Power Button as /devices/LNXSYSTM:00/LNXPWRBN:00/input/input0
[    0.977401] ACPI: Power Button [PWRF]
[    0.978748] input: Sleep Button as /devices/LNXSYSTM:00/LNXSLPBN:00/input/input1
[    0.981355] ACPI: Sleep Button [SLPF]
[    0.983881] ACPI: Battery Slot [BAT0] (battery present)
[    0.984422] Serial: 8250/16550 driver, 32 ports, IRQ sharing enabled
[    1.007441] 00:02: ttyS0 at I/O 0x3f8 (irq = 4, base_baud = 115200) is a 16550A
[    1.013190] Linux agpgart interface v0.103
[    1.020333] loop: module loaded
[    1.022554] scsi host0: ata_piix
[    1.023470] scsi host1: ata_piix
[    1.024354] ata1: PATA max UDMA/33 cmd 0x1f0 ctl 0x3f6 bmdma 0xd000 irq 14
[    1.025897] ata2: PATA max UDMA/33 cmd 0x170 ctl 0x376 bmdma 0xd008 irq 15
[    1.027529] libphy: Fixed MDIO Bus: probed
[    1.028614] tun: Universal TUN/TAP device driver, 1.6
[    1.029890] PPP generic driver version 2.4.2
[    1.031035] ehci_hcd: USB 2.0 'Enhanced' Host Controller (EHCI) Driver
[    1.033136] ehci-pci: EHCI PCI platform driver
[    1.034138] ehci-platform: EHCI generic platform driver
[    1.035331] ohci_hcd: USB 1.1 'Open' Host Controller (OHCI) Driver
[    1.036796] ohci-pci: OHCI PCI platform driver
[    1.037789] ohci-platform: OHCI generic platform driver
[    1.038944] uhci_hcd: USB Universal Host Controller Interface driver
[    1.040495] i8042: PNP: PS/2 Controller [PNP0303:PS2K,PNP0f03:PS2M] at 0x60,0x64 irq 1,12
[    1.043193] serio: i8042 KBD port at 0x60,0x64 irq 1
[    1.044601] serio: i8042 AUX port at 0x60,0x64 irq 12
[    1.047072] mousedev: PS/2 mouse device common for all mice
[    1.049624] input: AT Translated Set 2 keyboard as /devices/platform/i8042/serio0/input/input2
[    1.051812] rtc_cmos rtc_cmos: rtc core: registered rtc_cmos as rtc0
[    1.054144] rtc_cmos rtc_cmos: alarms up to one day, 114 bytes nvram
[    1.055486] i2c /dev entries driver
[    1.056393] device-mapper: uevent: version 1.0.3
[    1.057593] device-mapper: ioctl: 4.37.0-ioctl (2017-09-20) initialised: dm-devel@redhat.com
[    1.059707] ledtrig-cpu: registered to indicate activity on CPUs
[    1.061774] NET: Registered protocol family 10
[    1.067339] Segment Routing with IPv6
[    1.068251] NET: Registered protocol family 17
[    1.069330] Key type dns_resolver registered
[    1.070789] mce: Using 0 MCE banks
[    1.071604] RAS: Correctable Errors collector initialized.
[    1.072823] sched_clock: Marking stable (1072785115, 0)->(1474723875, -401938760)
[    1.074939] registered taskstats version 1
[    1.076310] Loading compiled-in X.509 certificates
[    1.081305] Loaded X.509 cert 'Build time autogenerated kernel key: ff1b14b29a8b0fad041e56b58c2af39eda0766ce'
[    1.083398] zswap: loaded using pool lzo/zbud
[    1.090754] Key type big_key registered
[    1.091637] Key type trusted registered
[    1.096214] Key type encrypted registered
[    1.097173] AppArmor: AppArmor sha1 policy hashing enabled
[    1.098708] ima: No TPM chip found, activating TPM-bypass! (rc=-19)
[    1.100045] ima: Allocated hash algorithm: sha1
[    1.101319] evm: HMAC attrs: 0x1
[    1.102585]   Magic number: 3:666:630
[    1.104608] rtc_cmos rtc_cmos: setting system clock to 2019-09-12 11:37:48 UTC (1568288268)
[    1.106893] BIOS EDD facility v0.16 2004-Jun-25, 0 devices found
[    1.108144] EDD information not available.
[    1.191271] Freeing unused kernel image memory: 2436K
[    1.204377] Write protecting the kernel read-only data: 20480k
[    1.206379] Freeing unused kernel image memory: 2008K
[    1.207785] Freeing unused kernel image memory: 1972K
[    1.217937] x86/mm: Checked W+X mappings: passed, no W+X pages found.
[    1.219223] x86/mm: Checking user space page tables
[    1.229113] x86/mm: Checked W+X mappings: passed, no W+X pages found.
Loading, please wait...
starting version 237
[    1.311148] e1000: Intel(R) PRO/1000 Network Driver - version 7.3.21-k8-NAPI
[    1.312950] e1000: Copyright (c) 1999-2006 Intel Corporation.
[    1.316137] Fusion MPT base driver 3.04.20
[    1.317017] Copyright (c) 1999-2008 LSI Corporation
[    1.321665] Fusion MPT SPI Host driver 3.04.20
[    1.326133] mptbase: ioc0: Initiating bringup
[    1.338938] AVX2 version of gcm_enc/dec engaged.
[    1.340019] AES CTR mode by8 optimization enabled
[    1.420315] ioc0: LSI53C1030 A0: Capabilities={Initiator}
[    1.530271] input: ImExPS/2 Generic Explorer Mouse as /devices/platform/i8042/serio1/input/input4
[    1.661833] scsi host2: ioc0: LSI53C1030 A0, FwRev=00000000h, Ports=1, MaxQ=256, IRQ=20
[    1.828610] scsi 2:0:0:0: Direct-Access     VBOX     HARDDISK         1.0  PQ: 0 ANSI: 5
[    1.871998] scsi target2:0:0: Beginning Domain Validation
[    1.874339] scsi target2:0:0: Domain Validation skipping write tests
[    1.875561] scsi target2:0:0: Ending Domain Validation
[    1.876640] scsi target2:0:0: asynchronous
[    1.878125] scsi 2:0:1:0: Direct-Access     VBOX     HARDDISK         1.0  PQ: 0 ANSI: 5
[    2.188131] scsi target2:0:1: Beginning Domain Validation
[    2.190953] random: fast init done
[    2.193098] scsi target2:0:1: Domain Validation skipping write tests
[    2.194525] scsi target2:0:1: Ending Domain Validation
[    2.195606] scsi target2:0:1: asynchronous
[    2.203125] random: systemd-udevd: uninitialized urandom read (16 bytes read)
[    2.204974] random: systemd-udevd: uninitialized urandom read (16 bytes read)
[    2.206218] random: systemd-udevd: uninitialized urandom read (16 bytes read)
[    2.208364] sd 2:0:0:0: [sda] 20971520 512-byte logical blocks: (10.7 GB/10.0 GiB)
[    2.211074] sd 2:0:0:0: [sda] Write Protect is off
[    2.212934] sd 2:0:0:0: [sda] Incomplete mode parameter data
[    2.214418] sd 2:0:0:0: [sda] Assuming drive cache: write through
[    2.217903] sd 2:0:0:0: Attached scsi generic sg0 type 0
[    2.220699]  sda: sda1
[    2.224628] sd 2:0:1:0: Attached scsi generic sg1 type 0
[    2.225690] sd 2:0:1:0: [sdb] 20480 512-byte logical blocks: (10.5 MB/10.0 MiB)
[    2.227547] sd 2:0:1:0: [sdb] Write Protect is off
[    2.229555] sd 2:0:1:0: [sdb] Incomplete mode parameter data
[    2.231920] sd 2:0:1:0: [sdb] Assuming drive cache: write through
[    2.234453] sd 2:0:0:0: [sda] Attached SCSI disk
[    2.239137] sd 2:0:1:0: [sdb] Attached SCSI disk
[    2.376730] e1000 0000:00:03.0 eth0: (PCI:33MHz:32-bit) 02:04:c4:cc:1e:8d
[    2.379642] e1000 0000:00:03.0 eth0: Intel(R) PRO/1000 Network Connection
[    3.426331] e1000 0000:00:08.0 eth1: (PCI:33MHz:32-bit) 08:00:27:ba:dc:6c
[    3.427810] e1000 0000:00:08.0 eth1: Intel(R) PRO/1000 Network Connection
[    3.443744] e1000 0000:00:08.0 enp0s8: renamed from eth1
[    3.486253] e1000 0000:00:03.0 enp0s3: renamed from eth0
Begin: Loading essential drivers ... [    5.129190] raid6: sse2x1   gen()  8897 MB/s
[    5.176060] raid6: sse2x1   xor()  6040 MB/s
[    5.224850] raid6: sse2x2   gen() 11496 MB/s
[    5.272714] raid6: sse2x2   xor()  6622 MB/s
[    5.320562] raid6: sse2x4   gen() 10123 MB/s
[    5.368311] raid6: sse2x4   xor()  6827 MB/s
[    5.416140] raid6: avx2x1   gen() 14187 MB/s
[    5.464031] raid6: avx2x1   xor() 11787 MB/s
[    5.512743] raid6: avx2x2   gen() 19071 MB/s
[    5.560583] raid6: avx2x2   xor() 13495 MB/s
[    5.609376] raid6: avx2x4   gen() 26645 MB/s
[    5.656021] raid6: avx2x4   xor() 14328 MB/s
[    5.657108] raid6: using algorithm avx2x4 gen() 26645 MB/s
[    5.658658] raid6: .... xor() 14328 MB/s, rmw enabled
[    5.660350] raid6: using avx2x2 recovery algorithm
[    5.663083] xor: automatically using best checksumming function   avx       
[    5.666753] async_tx: api initialized (async)
done.
Begin: Running /scripts/init-premount ... done.
Begin: Mounting root file system ... Begin: Running /scripts/local-top ... done.
Begin: Running /scripts/local-premount ... [    5.734979] Btrfs loaded, crc32c=crc32c-intel
Scanning for Btrfs filesystems
done.
Warning: fsck not present, so skipping root file system
[    5.780697] EXT4-fs (sda1): mounted filesystem with ordered data mode. Opts: (null)
done.
Begin: Running /scripts/local-bottom ... done.
Begin: Running /scripts/init-bottom ... done.
[    6.058940] ip_tables: (C) 2000-2006 Netfilter Core Team
[    6.069224] systemd[1]: systemd 237 running in system mode. (+PAM +AUDIT +SELINUX +IMA +APPARMOR +SMACK +SYSVINIT +UTMP +LIBCRYPTSETUP +GCRYPT +GNUTLS +ACL +XZ +LZ4 +SECCOMP +BLKID +ELFUTILS +KMOD -IDN2 +IDN -PCRE2 default-hierarchy=hybrid)
[    6.073315] systemd[1]: Detected virtualization oracle.
[    6.074354] systemd[1]: Detected architecture x86-64.

Welcome to [1mUbuntu 18.04.3 LTS[0m!

[    6.082316] systemd[1]: Set hostname to <ubuntu>.
[    6.088113] systemd[1]: Initializing machine ID from random generator.
[    6.089669] systemd[1]: Installed transient /etc/machine-id file.
[    6.385711] systemd[1]: Reached target Swap.
[[0;32m  OK  [0m] Reached target Swap.
[    6.389480] systemd[1]: Created slice User and Session Slice.
[[0;32m  OK  [0m] Created slice User and Session Slice.
[    6.391239] systemd[1]: Reached target System Time Synchronized.
[[0;32m  OK  [0m] Reached target System Time Synchronized.
[    6.393710] systemd[1]: Started Forward Password Requests to Wall Directory Watch.
[[0;32m  OK  [0m] Started Forward Password Requests to Wall Directory Watch.
[[0;32m  OK  [0m] Set up automount Arbitrary Executab…rmats File System Automount Point.
[[0;32m  OK  [0m] Created slice System Slice.
[[0;32m  OK  [0m] Listening on Device-mapper event daemon FIFOs.
[[0;32m  OK  [0m] Listening on Syslog Socket.
[[0;32m  OK  [0m] Listening on Journal Socket.
         Starting Load Kernel Modules...
         Starting Uncomplicated firewall...
         Mounting Kernel Debug File System...
[[0;32m  OK  [0m] Reached target User and Group Name Lookups.
[[0;32m  OK  [0m] Listening on LVM2 metadata daemon socket.
[[0;32m  OK  [0m] Listening on /dev/initctl Compatibility Named Pipe.
[[0;32m  OK  [0m] Listening on udev Control Socket.
         Starting Create list of required st…ce nodes for the current kernel...
[    6.435510] Loading iSCSI transport class v2.0-870.
[[0;32m  OK  [0m] Listening on Network Service Netlink Socket.
         Starting Monitoring of LVM2 mirrors…ng dmeventd or progress polling...
         Mounting POSIX Message Queue File System...
         Mounting Huge Pages File System...
         Starting Set the console keyboard layout...
[    6.445094] iscsi: registered transport (tcp)
[[0;32m  OK  [0m] Listening on Journal Socket (/dev/log).
[[0;32m  OK  [0m] Listening on LVM2 poll daemon socket.
[[0;32m  OK  [0m] Listening on Journal Audit Socket.
         Starting Journal Service...
[[0;32m  OK  [0m] Reached target Slices.
[[0;32m  OK  [0m] Created slice system-serial\x2dgetty.slice.
[[0;32m  OK  [0m] Listening on udev Kernel Socket.
         Starting udev Coldplug all Devices...
         Starting Remount Root and Kernel File Systems...
[[0;32m  OK  [0m] Started Uncomplicated firewall.
[[0;32m  OK  [0m] Mounted Kernel Debug File System.
[[0;32m  OK  [0m] Started Create list of required sta…vice nodes for the current kernel.
[[0;32m  OK  [0m] Mounted POSIX Message Queue File System.
[[0;32m  OK  [0m] Mounted Huge Pages File System.
         Starting Create Static Device Nodes in /dev...
[[0;32m  OK  [0m] Started LVM2 metadata daemon.
[[0;32m  OK  [0m] Started udev Coldplug all Devices.
[[0;32m  OK  [0m] Started Journal Service.
[[0;32m  OK  [0m] Started Create Static Device Nodes in /dev.
[    6.630875] EXT4-fs (sda1): re-mounted. Opts: (null)
[[0;32m  OK  [0m] Started Remount Root and Kernel File Systems.
         Starting Load/Save Random Seed...
         Starting Flush Journal to Persistent Storage...
[    6.643388] iscsi: registered transport (iser)
         Starting udev Kernel Device Manager...
[[0;32m  OK  [0m] Started Load Kernel Modules.
[[0;32m  OK  [0m] Started Monitoring of LVM2 mirrors,…sing dmeventd or progress polling.
[[0;32m  OK  [0m] Started Load/Save Random Seed.
[    6.686157] systemd-journald[400]: Received request to flush runtime journal from PID 1
         Starting Apply Kernel Variables...
         Mounting Kernel Configuration File System...
         Mounting FUSE Control File System...
[[0;32m  OK  [0m] Mounted Kernel Configuration File System.
[[0;32m  OK  [0m] Mounted FUSE Control File System.
[[0;32m  OK  [0m] Started udev Kernel Device Manager.
[[0;32m  OK  [0m] Started Apply Kernel Variables.
[[0;32m  OK  [0m] Started Flush Journal to Persistent Storage.
[[0;32m  OK  [0m] Found device /dev/ttyS0.
[[0;32m  OK  [0m] Listening on Load/Save RF Kill Switch Status /dev/rfkill Watch.
[[0;32m  OK  [0m] Started Set the console keyboard layout.
[[0;32m  OK  [0m] Reached target Local File Systems (Pre).
[[0;32m  OK  [0m] Reached target Local File Systems.
         Starting Tell Plymouth To Write Out Runtime Data...
         Starting Create Volatile Files and Directories...
         Starting ebtables ruleset management...
         Starting Commit a transient machine-id on disk...
         Starting Set console font and keymap...
         Starting AppArmor initialization...
[[0;32m  OK  [0m] Started Dispatch Password Requests to Console Directory Watch.
[[0;32m  OK  [0m] Reached target Local Encrypted Volumes.
[[0;32m  OK  [0m] Started Tell Plymouth To Write Out Runtime Data.
[[0;32m  OK  [0m] Started Set console font and keymap.
[[0;32m  OK  [0m] Started Create Volatile Files and Directories.
         Starting Update UTMP about System Boot/Shutdown...
[[0;32m  OK  [0m] Started Update UTMP about System Boot/Shutdown.
[[0;32m  OK  [0m] Started Commit a transient machine-id on disk.
[[0;32m  OK  [0m] Started ebtables ruleset management.
[[0;32m  OK  [0m] Started AppArmor initialization.
         Starting Initial cloud-init job (pre-networking)...
[   10.682136] cloud-init[631]: Cloud-init v. 19.2-24-ge7881d5c-0ubuntu1~18.04.1 running 'init-local' at Thu, 12 Sep 2019 11:37:57 +0000. Up 10.24 seconds.
[[0;32m  OK  [0m] Started Initial cloud-init job (pre-networking).
[[0;32m  OK  [0m] Reached target Network (Pre).
         Starting Network Service...
[[0;32m  OK  [0m] Started Network Service.
         Starting Wait for Network to be Configured...
         Starting Network Name Resolution...
[[0;32m  OK  [0m] Started Network Name Resolution.
[[0;32m  OK  [0m] Reached target Network.
[[0;32m  OK  [0m] Reached target Host and Network Name Lookups.
[[0;32m  OK  [0m] Started Wait for Network to be Configured.
         Starting Initial cloud-init job (metadata service crawler)...
[   13.399288] cloud-init[740]: Cloud-init v. 19.2-24-ge7881d5c-0ubuntu1~18.04.1 running 'init' at Thu, 12 Sep 2019 11:38:00 +0000. Up 13.20 seconds.
[   13.401123] cloud-init[740]: ci-info: ++++++++++++++++++++++++++++++++++++++Net device info++++++++++++++++++++++++++++++++++++++
[   13.412647] cloud-init[740]: ci-info: +--------+-------+---------------------------+---------------+--------+-------------------+
[   13.414202] cloud-init[740]: ci-info: | Device |   Up  |          Address          |      Mask     | Scope  |     Hw-Address    |
[   13.415771] cloud-init[740]: ci-info: +--------+-------+---------------------------+---------------+--------+-------------------+
[   13.417242] cloud-init[740]: ci-info: | enp0s3 |  True |         10.0.2.15         | 255.255.255.0 | global | 02:04:c4:cc:1e:8d |
[   13.418764] cloud-init[740]: ci-info: | enp0s3 |  True | fe80::4:c4ff:fecc:1e8d/64 |       .       |  link  | 02:04:c4:cc:1e:8d |
[   13.420687] cloud-init[740]: ci-info: | enp0s8 | False |             .             |       .       |   .    | 08:00:27:ba:dc:6c |
[   13.433832] cloud-init[740]: ci-info: |   lo   |  True |         127.0.0.1         |   255.0.0.0   |  host  |         .         |
[   13.439406] cloud-init[740]: ci-info: |   lo   |  True |          ::1/128          |       .       |  host  |         .         |
[   13.440963] cloud-init[740]: ci-info: +--------+-------+---------------------------+---------------+--------+-------------------+
[   13.442490] cloud-init[740]: ci-info: ++++++++++++++++++++++++++++Route IPv4 info+++++++++++++++++++++++++++++
[   13.445980] cloud-init[740]: ci-info: +-------+-------------+----------+-----------------+-----------+-------+
[   13.447784] cloud-init[740]: ci-info: | Route | Destination | Gateway  |     Genmask     | Interface | Flags |
[   13.450977] cloud-init[740]: ci-info: +-------+-------------+----------+-----------------+-----------+-------+
[   13.452840] cloud-init[740]: ci-info: |   0   |   0.0.0.0   | 10.0.2.2 |     0.0.0.0     |   enp0s3  |   UG  |
[   13.454237] cloud-init[740]: ci-info: |   1   |   10.0.2.0  | 0.0.0.0  |  255.255.255.0  |   enp0s3  |   U   |
[   13.456929] cloud-init[740]: ci-info: |   2   |   10.0.2.2  | 0.0.0.0  | 255.255.255.255 |   enp0s3  |   UH  |
[   13.459780] cloud-init[740]: ci-info: +-------+-------------+----------+-----------------+-----------+-------+
[   13.462211] cloud-init[740]: ci-info: +++++++++++++++++++Route IPv6 info+++++++++++++++++++
[   13.463395] cloud-init[740]: ci-info: +-------+-------------+---------+-----------+-------+
[   13.464661] cloud-init[740]: ci-info: | Route | Destination | Gateway | Interface | Flags |
[   13.465702] cloud-init[740]: ci-info: +-------+-------------+---------+-----------+-------+
[   13.467553] cloud-init[740]: ci-info: |   1   |  fe80::/64  |    ::   |   enp0s3  |   U   |
[   13.470432] cloud-init[740]: ci-info: |   3   |    local    |    ::   |   enp0s3  |   U   |
[   13.476225] cloud-init[740]: ci-info: |   4   |   ff00::/8  |    ::   |   enp0s3  |   U   |
[   13.477467] cloud-init[740]: ci-info: +-------+-------------+---------+-----------+-------+
[   14.343947] cloud-init[740]: Generating public/private rsa key pair.
[   14.344819] cloud-init[740]: Your identification has been saved in /etc/ssh/ssh_host_rsa_key.
[   14.345923] cloud-init[740]: Your public key has been saved in /etc/ssh/ssh_host_rsa_key.pub.
[   14.347034] cloud-init[740]: The key fingerprint is:
[   14.360987] cloud-init[740]: SHA256:gdB5H9tYKknFtbRP3Uu9EBkeRCBkgGK9tkCSBUe3Ask root@ubuntu-bionic
[   14.362085] cloud-init[740]: The key's randomart image is:
[   14.362826] cloud-init[740]: +---[RSA 2048]----+
[   14.372711] cloud-init[740]: |.o*+oo.oo*.o**o  |
[   14.373351] cloud-init[740]: | Eo+.++.+ +.o+o.o|
[   14.374034] cloud-init[740]: |  +...oo.o Boo..+|
[   14.374680] cloud-init[740]: |   ..o  o.= .oo o|
[   14.384452] cloud-init[740]: |    o . S.    .o |
[   14.385827] cloud-init[740]: |     .           |
[   14.386567] cloud-init[740]: |                 |
[   14.387404] cloud-init[740]: |                 |
[   14.388276] cloud-init[740]: |                 |
[   14.389750] cloud-init[740]: +----[SHA256]-----+
[   14.390481] cloud-init[740]: Generating public/private dsa key pair.
[   14.391520] cloud-init[740]: Your identification has been saved in /etc/ssh/ssh_host_dsa_key.
[   14.404574] cloud-init[740]: Your public key has been saved in /etc/ssh/ssh_host_dsa_key.pub.
[   14.406100] cloud-init[740]: The key fingerprint is:
[   14.406953] cloud-init[740]: SHA256:lnQkphGapbXYA0/LJt8tMHIGw86EP5GmvFdNkWYH3Jo root@ubuntu-bionic
[   14.408471] cloud-init[740]: The key's randomart image is:
[   14.410381] cloud-init[740]: +---[DSA 1024]----+
[   14.412487] cloud-init[740]: |   o+.*o==.      |
[   14.413605] cloud-init[740]: |  . */ **oo      |
[   14.414267] cloud-init[740]: | . BB.#=.+.      |
[   14.415172] cloud-init[740]: |  o =B.*E+       |
[   14.415890] cloud-init[740]: |   . o. S .      |
[   14.416636] cloud-init[740]: |  . .  . .       |
[   14.417306] cloud-init[740]: |   .             |
[   14.417966] cloud-init[740]: |                 |
[   14.418592] cloud-init[740]: |                 |
[   14.419219] cloud-init[740]: +----[SHA256]-----+
[   14.420268] cloud-init[740]: Generating public/private ecdsa key pair.
[   14.421269] cloud-init[740]: Your identification has been saved in /etc/ssh/ssh_host_ecdsa_key.
[   14.423567] cloud-init[740]: Your public key has been saved in /etc/ssh/ssh_host_ecdsa_key.pub.
[   14.425293] cloud-init[740]: The key fingerprint is:
[   14.426339] cloud-init[740]: SHA256:tvo6mTlRIU0ZpVEJU85pyy6bjGt3/vU2o8Xo/Ki2pvY root@ubuntu-bionic
[   14.428160] cloud-init[740]: The key's randomart image is:
[[0;32m  OK  [0m[   14.430591] cloud-init[740]: +---[ECDSA 256]---+
[   14.430896] cloud-init[740]: |       o*B+.     |
[   14.431443] cloud-init[740]: |      . +*..     |
[   14.431949] cloud-init[740]: |       ...=      |
[   14.432403] cloud-init[740]: |        .o .     |
[   14.432908] cloud-init[740]: |       .S o      |
[   14.433383] cloud-init[740]: |      .. o    o  |
[   14.433865] cloud-init[740]: |       =o .  ..o |
[   14.434578] cloud-init[740]: |      B+.=.oo.o+.|
[   14.435082] cloud-init[740]: |     .=B*+*E+=oo+|
[   14.435626] cloud-init[740]: +----[SHA256]-----+
[   14.436207] cloud-init[740]: Generating public/private ed25519 key pair.
[   14.436726] cloud-init[740]: Your identification has been saved in /etc/ssh/ssh_host_ed25519_key.
] Started Initial cloud-init job (metadata service crawler).
[   14.437059] cloud-init[740]: Your public key has been saved in /etc/ssh/ssh_host_ed25519_key.pub.
[   14.441096] cloud-init[740]: The key fingerprint is:
[   14.441916] cloud-init[740]: SHA256:Zlf4HLk8lNdrroory96UuGw/jtQn+ySl6iMlH6osZHc root@ubuntu-bionic
[   14.442017] cloud-init[740]: The key's randomart image is:
[   14.442355] cloud-init[740]: +--[ED25519 256]--+
[   14.442740] cloud-init[740]: |                 |
[   14.443112] cloud-init[740]: |           . o . |
[[0;32m  OK  [0m] Reached target System Initialization.
[   14.443291] cloud-init[740]: |          . * . .|
[   14.446728] cloud-init[740]: |           * +  .|
[[   14.447391] cloud-init[740]: |        S ..*  o |
[   14.447508] cloud-init[740]: | o . E =o.+  .o  |
[   14.448301] cloud-init[740]: |o . . =o.B o   . |
[   14.448482] cloud-init[740]: | ..  o+=*.B   .  |
[   14.449078] cloud-init[740]: |  .o. =X*B+o..   |
[   14.449369] cloud-init[740]: +----[SHA256]-----+
[0;32m  OK  [0m] Started Daily apt download activities.
[[0;32m  OK  [0m] Started Daily apt upgrade and clean activities.
         Starting Socket activation for snappy daemon.
[[0;32m  OK  [0m] Started Discard unused blocks once a week.
[[0;32m  OK  [0m] Listening on Open-iSCSI iscsid Socket.
         Starting LXD - unix socket.
[[0;32m  OK  [0m] Started Message of the Day.
[[0;32m  OK  [0m] Listening on ACPID Listen Socket.
[[0;32m  OK  [0m] Listening on D-Bus System Message Bus Socket.
[[0;32m  OK  [0m] Listening on UUID daemon activation socket.
[[0;32m  OK  [0m] Started Daily Cleanup of Temporary Directories.
[[0;32m  OK  [0m] Reached target Timers.
[[0;32m  OK  [0m] Started ACPI Events Check.
[[0;32m  OK  [0m] Reached target Paths.
[[0;32m  OK  [0m] Reached target Network is Online.
         Starting Availability of block devices...
[[0;32m  OK  [0m] Reached target Remote File Systems (Pre).
[[0;32m  OK  [0m] Reached target Remote File Systems.
[[0;32m  OK  [0m] Reached target Cloud-config availability.
[[0;32m  OK  [0m] Listening on Socket activation for snappy daemon.
[[0;32m  OK  [0m] Listening on LXD - unix socket.
[[0;32m  OK  [0m] Reached target Sockets.
[[0;32m  OK  [0m] Reached target Basic System.
         Starting Login Service...
[[0;32m  OK  [0m] Started irqbalance daemon.
[[0;32m  OK  [0m] Started FUSE filesystem for LXC.
         Starting Permit User Sessions...
[[0;32m  OK  [0m] Started D-Bus System Message Bus.
         Starting Virtualbox guest utils...
         Starting LSB: Record successful boot for GRUB...
         Starting Accounts Service...
         Starting Snappy daemon...
[[0;32m  OK  [0m] Started Regular background program processing daemon.
         Starting LSB: automatic crash report generation...
         Starting LXD - container startup/shutdown...
         Starting Pollinate to seed the pseudo random number generator...
[[0;32m  OK  [0m] Started Deferred execution scheduler.
         Starting System Logging Service...
         Starting Dispatcher daemon for systemd-networkd...
[[0;32m  OK  [0m] Started Availability of block devices.
[[0;32m  OK  [0m] Started Permit User Sessions.
[[0;32m  OK  [0m] Started Login Service.
[[0;32m  OK  [0m] Started System Logging Service.
         Starting Authorization Manager...
[[0;32m  OK  [0m] Started Unattended Upgrades Shutdown.
         Starting Terminate Plymouth Boot Screen...
         Starting Hold until boot process finishes up...
[[0;32m  OK  [0m] Started Hold until boot process finishes up.
         Starting Set console scheme...
[[0;32m  OK  [0m] Started Serial Getty on ttyS0.
[[0;32m  OK  [0m] Started Terminate Plymouth Boot Screen.
[[0;32m  OK  [0m] Started LSB: automatic crash report generation.
[[0;32m  OK  [0m] Started Set console scheme.
[[0;32m  OK  [0m] Created slice system-getty.slice.
[[0;32m  OK  [0m] Started Getty on tty1.
[[0;32m  OK  [0m] Reached target Login Prompts.
[[0;32m  OK  [0m] Started Authorization Manager.
[[0;32m  OK  [0m] Started Accounts Service.
[[0;32m  OK  [0m] Started LSB: Record successful boot for GRUB.
[[0;32m  OK  [0m] Started Virtualbox guest utils.
[[0;32m  OK  [0m] Started LXD - container startup/shutdown.
[[0;32m  OK  [0m] Started Dispatcher daemon for systemd-networkd.
[[0;32m  OK  [0m] Started Snappy daemon.
         Starting Wait until snapd is fully seeded...
[[0;32m  OK  [0m] Started Pollinate to seed the pseudo random number generator.
         Starting OpenBSD Secure Shell server...
[[0;32m  OK  [0m] Started OpenBSD Secure Shell server.
[[0;32m  OK  [0m] Created slice User Slice of vagrant.
         Starting User Manager for UID 1000...
[[0;32m  OK  [0m] Started Session 1 of user vagrant.
[[0;32m  OK  [0m] Started User Manager for UID 1000.
[[0;32m  OK  [0m] Started Wait until snapd is fully seeded.
         Starting Apply the settings specified in cloud-config...
[[0;32m  OK  [0m] Reached target Multi-User System.
[[0;32m  OK  [0m] Reached target Graphical Interface.
         Starting Update UTMP about System Runlevel Changes...
[[0;32m  OK  [0m] Started Update UTMP about System Runlevel Changes.
[   20.649053] cloud-init[1295]: Cloud-init v. 19.2-24-ge7881d5c-0ubuntu1~18.04.1 running 'modules:config' at Thu, 12 Sep 2019 11:38:06 +0000. Up 19.37 seconds.

Ubuntu 18.04.3 LTS ubuntu-bionic ttyS0

ubuntu-bionic login: ci-info: no authorized ssh keys fingerprints found for user ubuntu.
<14>Sep 12 11:38:09 ec2: 
<14>Sep 12 11:38:09 ec2: #############################################################
<14>Sep 12 11:38:09 ec2: -----BEGIN SSH HOST KEY FINGERPRINTS-----
<14>Sep 12 11:38:09 ec2: 1024 SHA256:lnQkphGapbXYA0/LJt8tMHIGw86EP5GmvFdNkWYH3Jo root@ubuntu-bionic (DSA)
<14>Sep 12 11:38:09 ec2: 256 SHA256:tvo6mTlRIU0ZpVEJU85pyy6bjGt3/vU2o8Xo/Ki2pvY root@ubuntu-bionic (ECDSA)
<14>Sep 12 11:38:09 ec2: 256 SHA256:Zlf4HLk8lNdrroory96UuGw/jtQn+ySl6iMlH6osZHc root@ubuntu-bionic (ED25519)
<14>Sep 12 11:38:09 ec2: 2048 SHA256:gdB5H9tYKknFtbRP3Uu9EBkeRCBkgGK9tkCSBUe3Ask root@ubuntu-bionic (RSA)
<14>Sep 12 11:38:09 ec2: -----END SSH HOST KEY FINGERPRINTS-----
<14>Sep 12 11:38:09 ec2: #############################################################
-----BEGIN SSH HOST KEY KEYS-----
ecdsa-sha2-nistp256 AAAAE2VjZHNhLXNoYTItbmlzdHAyNTYAAAAIbmlzdHAyNTYAAABBBA7oe+g3S3SXzU+h0PUn/O91OGE05XllmdqVFAw63e2s9sHuTETPaJq1Iale6IaLYUXk6F9ko2Tg7bw6eRWFlx0= root@ubuntu-bionic
ssh-ed25519 AAAAC3NzaC1lZDI1NTE5AAAAIMaXfZZYZxedOsufXQUgauLaoKpINMH4s7H+1ie7zhYf root@ubuntu-bionic
ssh-rsa AAAAB3NzaC1yc2EAAAADAQABAAABAQCoYnvOoH5I+2kcBuZxqEwjjrGr/u9oBnPfydJRB0t3WnoYvWd0LI+YZPHDrmTdY3hMrAsNoqOjhpk2oSuIXqZNlrsyZ0fLTFpjQzcSlX0n1JsrdtSHN6XVpM7O78Av1hoN6gHz4ZWLDMwppBXiGtubX8fleeo2jgig9h/3V5SRU3KrrV7Knz1w+2lYZpzCIALGSxBnW9Ts45X2Ph8dVKxpq64mZ+7AVdstUBk44KLmwS53U91PoESal8sYt2pEnD/6Q55V9MooKHpPw8Ji2Z57d+QwXtrvXs6AS8n0m5+hSaG6o5nJhPpv0f9+C7ExMEhE+XBBBmCfW4b+AqQznqKN root@ubuntu-bionic
-----END SSH HOST KEY KEYS-----
[   21.718879] cloud-init[1387]: Cloud-init v. 19.2-24-ge7881d5c-0ubuntu1~18.04.1 running 'modules:final' at Thu, 12 Sep 2019 11:38:08 +0000. Up 21.44 seconds.
[   21.719295] cloud-init[1387]: ci-info: no authorized ssh keys fingerprints found for user ubuntu.
[   21.719383] cloud-init[1387]: Cloud-init v. 19.2-24-ge7881d5c-0ubuntu1~18.04.1 finished at Thu, 12 Sep 2019 11:38:09 +0000. Datasource DataSourceNoCloud [seed=/dev/sdb][dsmode=net].  Up 21.70 seconds
